States:
#NAME (SEQUENCE,BREAKABLE,TRANSITION,LOOP)
Fighter (1,1,0,1)			//0
Gerwalk (2,1,0,1)			//1
Battloid (3,1,0,1)			//2
Speed (4,1,0,1)				//3
Breaking (5,1,0,1)			//4
WalkingForward (28, 1, 0, 1) //5
WalkingBackwards (29, 1, 0, 1) //6

FighterToGerwalk (11,0,1,0)	//7
FighterToBattloid (9,0,1,0)	//8
FighterToSpeed (13,0,1,0)	//9
FighterToBreaking (18,0,1,0)//10

GerwalkToFighter (8,0,1,0)	//11
GerwalkToBattloid (12,0,1,0)//12
GerwalkToBreaking (21,0,1,0)//13

BattloidToFighter (10,0,1,0)//14
BattloidToGerwalk (7,0,1,0)	//15

SpeedToFighter (14,0,1,0)	//16
SpeedToGerwalk (15,0,1,0)	//17
SpeedToBattloid (16,0,1,0)	//18
SpeedToBreaking (19,0,1,0)	//19

BreakingToFighter (17,0,1,0)//20
BreakingToGerwalk (20,0,1,0)//21

BattloidToWalkingForward (30,0,1,0)//22
BattloidToWalkingBackward (31,0,1,0)//23

Loop (32, 0, 1, 0)//24

Exits:
#Fighter-------------------------------------
Fighter -> FighterToGerwalk
FighterToGerwalk -> Gerwalk

Fighter -> FighterToBattloid
FighterToBattloid -> Battloid

Fighter -> FighterToSpeed
FighterToSpeed -> Speed

Fighter -> FighterToBreaking
FighterToBreaking -> Breaking

Fighter -> Loop

#Gerwalk------------------------------------
Gerwalk -> GerwalkToFighter
GerwalkToFighter -> Fighter

Gerwalk -> GerwalkToBattloid
GerwalkToBattloid -> Battloid

Gerwalk -> GerwalkToBreaking
GerwalkToBreaking -> Breaking

#Battloid-----------------------------------
Battloid -> BattloidToFighter
BattloidToFighter -> Fighter

Battloid -> BattloidToGerwalk
BattloidToGerwalk -> Gerwalk

Battloid -> BattloidToWalkingForward
BattloidToWalkingForward -> WalkingForward

Battloid -> BattloidToWalkingBackward
BattloidToWalkingBackward -> WalkingBackwards

WalkingForward -> Battloid
WalkingBackwards -> Battloid

#Speed--------------------------------------
Speed -> SpeedToFighter
SpeedToFighter -> Breaking

Speed -> SpeedToGerwalk
SpeedToGerwalk -> Gerwalk

Speed -> SpeedToBattloid
SpeedToBattloid -> Battloid

Speed -> SpeedToBreaking
SpeedToBreaking -> Breaking

#Breaking-----------------------------------
Breaking -> BreakingToFighter
BreakingToFighter -> Fighter

Breaking -> BreakingToGerwalk
BreakingToGerwalk -> Gerwalk

#Loop---------------------------------------
Loop -> Fighter